[Cline] Setting up VS Code host...
LOG [DistinctId] initialized:
DEBUG [AgentConfigLoader] Loaded 0 agent config(s) from disk.
LOG PostHog client initialized
LOG [BannerService] initialized
DEBUG No stored authentication data found
LOG [Controller] ClineProvider instantiated
WARN No user found after restoring auth token
LOG [Cline] extension activated in 246.70487499999945 ms
LOG [OTEL] Creating MeterProvider with exporters: otlp
LOG [OTEL] OTLP metrics reader created (http/json, interval: 60000ms)
LOG [OTEL] MeterProvider initialized with 1 reader(s)
LOG [OTEL] Creating LoggerProvider with exporters: otlp
LOG [OTEL] OTLP logs exporter created (http/json)
LOG [OTEL] Log batch processor configured: maxQueue=2048, batchSize=512, timeout=5000ms
LOG [OTEL] LoggerProvider initialized
LOG [OTEL DEBUG] OpenTelemetry initialization complete
LOG [OTEL] Provider initialized - Logger: true, Meter: true
INFO TelemetryProviderFactory: Created providers - PostHogTelemetryProvider, OpenTelemetryProvider
INFO [TelemetryService] Initialized with 2 telemetry provider(s)
LOG FileContextTracker: Processed 0 tasks, found 0 pending warnings, 0 orphaned, deleted 0, took 63ms
