(node:29442) [MODULE_TYPELESS_PACKAGE_JSON] Warning: Module type of file:///Users/sagi/source/ubml/ubml-sdk/packages/development/vscode/out/server-main.js is not specified and it doesn't parse as CommonJS.
Reparsing as ES module because module syntax was detected. This incurs a performance overhead.
To eliminate this warning, add "type": "module" to /Users/sagi/source/ubml/ubml-sdk/packages/development/vscode/package.json.
(Use `node --trace-warnings ...` to show where the warning was created)
Server bound to 127.0.0.1:8000 (IPv4)
Extension host agent listening on 8000

Error reading NLS messages file /Users/sagi/source/ubml/ubml-sdk/packages/development/vscode/out/nls.messages.json: Error: ENOENT: no such file or directory, open '/Users/sagi/source/ubml/ubml-sdk/packages/development/vscode/out/nls.messages.json'
[14:54:32] 




[14:54:33] SystemError [ERR_SYSTEM_ERROR]: A system error occurred: uv_interface_addresses returned Unknown system error 1 (Unknown system error 1)
    at networkInterfaces (node:os:217:16)
    at getMac (file:///Users/sagi/source/ubml/ubml-sdk/packages/development/vscode/out/vs/base/node/macAddress.js:16:20)
    at getMacMachineId (file:///Users/sagi/source/ubml/ubml-sdk/packages/development/vscode/out/vs/base/node/id.js:81:28)
    at async file:///Users/sagi/source/ubml/ubml-sdk/packages/development/vscode/out/vs/base/node/id.js:72:24
    at async Promise.all (index 2)
    at async setupServerServices (file:///Users/sagi/source/ubml/ubml-sdk/packages/development/vscode/out/vs/server/node/serverServices.js:132:49)
    at async createServer (file:///Users/sagi/source/ubml/ubml-sdk/packages/development/vscode/out/vs/server/node/remoteExtensionHostAgentServer.js:571:52)
    at async file:///Users/sagi/source/ubml/ubml-sdk/packages/development/vscode/out/server-main.js:48:32
    at async Server.<anonymous> (file:///Users/sagi/source/ubml/ubml-sdk/packages/development/vscode/out/server-main.js:124:9) {
  code: 'ERR_SYSTEM_ERROR',
  info: {
    errno: 1,
    code: 'Unknown system error 1',
    message: 'Unknown system error 1',
    syscall: 'uv_interface_addresses'
  },
  errno: [Getter/Setter: 1],
  syscall: [Getter/Setter: 'uv_interface_addresses']
}
[reconnection-grace-time] No CLI argument provided, using default: 10800000ms (10800s)
Web UI available at http://localhost:8000
[14:54:33] Extension host agent started.
[14:54:33] Started initializing default profile extensions in extensions installation folder. file:///Users/sagi/source/ubml/ubml-sdk/packages/development/vscode/.data/extensions
[14:54:33] [File Watcher (node.js)] Failed to watch /Users/sagi/source/ubml/ubml-sdk/packages/development/vscode/.data/server-data/data/Machine for changes using fs.watch() (Error: EMFILE: too many open files, watch, undefined)
[14:54:33] [File Watcher (node.js)] Failed to watch /Users/sagi/source/ubml/ubml-sdk/packages/development/vscode/.data/extensions for changes using fs.watch() (Error: EMFILE: too many open files, watch, undefined)
[14:54:33] Completed initializing default profile extensions in extensions installation folder. file:///Users/sagi/source/ubml/ubml-sdk/packages/development/vscode/.data/extensions
[15:54:29] [127.0.0.1][bfaa011d][ExtensionHostConnection] Unknown reconnection token (never seen).
[15:54:29] [127.0.0.1][2574bee2][ManagementConnection] Unknown reconnection token (never seen).
